<?xml version="1.0" encoding="UTF-8"?>
<!-- Generated by org.testng.reporters.JUnitReportReporter -->
<testsuite hostname="DESKTOP-4ERO01U" failures="0" tests="3" name="com.mohs10.test.MyAcc_ChangePassTest" time="52.627" errors="0" timestamp="2022-05-27T18:57:29 IST" skipped="0">
  <testcase classname="com.mohs10.test.MyAcc_ChangePassTest" name="ChangePassLhs" time="17.771"/>
  <system-out/>
  <testcase classname="com.mohs10.test.MyAcc_ChangePassTest" name="ChangePassSiteMap" time="17.984"/>
  <system-out/>
  <testcase classname="com.mohs10.test.MyAcc_ChangePassTest" name="ChangePassRhs" time="16.872"/>
  <system-out/>
</testsuite> <!-- com.mohs10.test.MyAcc_ChangePassTest -->
