<?xml version="1.0" encoding="UTF-8"?>
<!-- Generated by org.testng.reporters.JUnitReportReporter -->
<testsuite hostname="DESKTOP-4ERO01U" failures="0" tests="1" name="com.mohs10.test.MyAcc_LogoutTest" time="10.726" errors="0" timestamp="2022-05-26T21:09:40 IST" skipped="0">
  <testcase classname="com.mohs10.test.MyAcc_LogoutTest" name="Logout" time="10.726"/>
  <system-out/>
</testsuite> <!-- com.mohs10.test.MyAcc_LogoutTest -->
