<?xml version="1.0" encoding="UTF-8"?>
<!-- Generated by org.testng.reporters.JUnitReportReporter -->
<testsuite hostname="DESKTOP-4ERO01U" failures="0" tests="2" name="com.mohs10.test.MyAcc_LoginTest" time="23.885" errors="0" timestamp="2022-05-27T12:18:14 IST" skipped="0">
  <testcase classname="com.mohs10.test.MyAcc_LoginTest" name="InvalidLogInTest" time="13.277"/>
  <system-out/>
  <testcase classname="com.mohs10.test.MyAcc_LoginTest" name="ValidLoginTest" time="10.608"/>
  <system-out/>
</testsuite> <!-- com.mohs10.test.MyAcc_LoginTest -->
