<?xml version="1.0" encoding="UTF-8"?>
<!-- Generated by org.testng.reporters.JUnitReportReporter -->
<testsuite hostname="DESKTOP-4ERO01U" failures="0" tests="1" name="com.mohs10.test.MyAcc_Regtest" time="16.014" errors="0" timestamp="2022-05-26T21:07:29 IST" skipped="0">
  <testcase classname="com.mohs10.test.MyAcc_Regtest" name="RegisterPageTestCase" time="16.014"/>
  <system-out/>
</testsuite> <!-- com.mohs10.test.MyAcc_Regtest -->
